<?xml version="1.0" encoding="UTF-8"?>
<robot generator="Robot 4.1.3 (Python 3.10.3 on win32)" generated="20220319 12:52:15.371" rpa="false" schemaversion="2">
<suite id="s1" name="Tests" source="D:\qaninja\robot\web\tests">
<suite id="s1-s1" name="Login Form" source="D:\qaninja\robot\web\tests\login_form.robot">
<test id="s1-s1-t1" name="Senha inválida">
<kw name="Nova sessão" library="base" type="SETUP">
<kw name="Open Browser" library="SeleniumLibrary">
<arg>${url}</arg>
<arg>chrome</arg>
<doc>Opens a new browser instance to the optional ``url``.</doc>
<msg timestamp="20220319 12:52:15.595" level="INFO">Opening browser 'chrome' to base url 'https://training-wheels-protocol.herokuapp.com'.</msg>
<status status="PASS" starttime="20220319 12:52:15.594" endtime="20220319 12:52:19.067"/>
</kw>
<status status="PASS" starttime="20220319 12:52:15.594" endtime="20220319 12:52:19.067"/>
</kw>
<kw name="Go To" library="SeleniumLibrary">
<arg>${url}/login</arg>
<doc>Navigates the current browser window to the provided ``url``.</doc>
<msg timestamp="20220319 12:52:19.068" level="INFO">Opening url 'https://training-wheels-protocol.herokuapp.com/login'</msg>
<status status="PASS" starttime="20220319 12:52:19.068" endtime="20220319 12:52:19.497"/>
</kw>
<kw name="Input Text" library="SeleniumLibrary">
<arg>css:input[name=username]</arg>
<arg>stark</arg>
<doc>Types the given ``text`` into the text field identified by ``locator``.</doc>
<msg timestamp="20220319 12:52:19.498" level="INFO">Typing text 'stark' into text field 'css:input[name=username]'.</msg>
<status status="PASS" starttime="20220319 12:52:19.498" endtime="20220319 12:52:19.567"/>
</kw>
<kw name="Input Text" library="SeleniumLibrary">
<arg>css:input[name=password]</arg>
<arg>Jarvis!</arg>
<doc>Types the given ``text`` into the text field identified by ``locator``.</doc>
<msg timestamp="20220319 12:52:19.568" level="INFO">Typing text 'Jarvis!' into text field 'css:input[name=password]'.</msg>
<status status="PASS" starttime="20220319 12:52:19.567" endtime="20220319 12:52:19.639"/>
</kw>
<kw name="Click Element" library="SeleniumLibrary">
<arg>class:btn-login</arg>
<doc>Click the element identified by ``locator``.</doc>
<msg timestamp="20220319 12:52:19.640" level="INFO">Clicking element 'class:btn-login'.</msg>
<status status="PASS" starttime="20220319 12:52:19.640" endtime="20220319 12:52:20.092"/>
</kw>
<kw name="Get WebElement" library="SeleniumLibrary">
<var>${message}</var>
<arg>id:flash</arg>
<doc>Returns the first WebElement matching the given ``locator``.</doc>
<msg timestamp="20220319 12:52:20.103" level="INFO">${message} = &lt;selenium.webdriver.remote.webelement.WebElement (session="d87eb7ca453d751584e829d7fabe9405", element="9c73abbf-0c8f-4df4-957e-0513193f1e14")&gt;</msg>
<status status="PASS" starttime="20220319 12:52:20.093" endtime="20220319 12:52:20.103"/>
</kw>
<kw name="Should Contain" library="BuiltIn">
<arg>${message.text}</arg>
<arg>Senha é invalida!</arg>
<doc>Fails if ``container`` does not contain ``item`` one or more times.</doc>
<status status="PASS" starttime="20220319 12:52:20.104" endtime="20220319 12:52:20.117"/>
</kw>
<kw name="Encerra sessão" library="base" type="TEARDOWN">
<kw name="Capture Page Screenshot" library="SeleniumLibrary">
<doc>Takes a screenshot of the current page and embeds it into a log file.</doc>
<msg timestamp="20220319 12:52:20.282" level="INFO" html="true">&lt;/td&gt;&lt;/tr&gt;&lt;tr&gt;&lt;td colspan="3"&gt;&lt;a href="selenium-screenshot-24.png"&gt;&lt;img src="selenium-screenshot-24.png" width="800px"&gt;&lt;/a&gt;</msg>
<status status="PASS" starttime="20220319 12:52:20.117" endtime="20220319 12:52:20.282"/>
</kw>
<kw name="Close Browser" library="SeleniumLibrary">
<doc>Closes the current browser.</doc>
<status status="PASS" starttime="20220319 12:52:20.282" endtime="20220319 12:52:22.400"/>
</kw>
<status status="PASS" starttime="20220319 12:52:20.117" endtime="20220319 12:52:22.400"/>
</kw>
<tag>login_error</tag>
<status status="PASS" starttime="20220319 12:52:15.593" endtime="20220319 12:52:22.400"/>
</test>
<status status="PASS" starttime="20220319 12:52:15.398" endtime="20220319 12:52:22.402"/>
</suite>
<status status="PASS" starttime="20220319 12:52:15.373" endtime="20220319 12:52:22.404"/>
</suite>
<statistics>
<total>
<stat pass="1" fail="0" skip="0">All Tests</stat>
</total>
<tag>
<stat pass="1" fail="0" skip="0">login_error</stat>
</tag>
<suite>
<stat pass="1" fail="0" skip="0" id="s1" name="Tests">Tests</stat>
<stat pass="1" fail="0" skip="0" id="s1-s1" name="Login Form">Tests.Login Form</stat>
</suite>
</statistics>
<errors>
</errors>
</robot>
